<?xml version="1.0" encoding="UTF-8"?>
<!-- Generated by org.testng.reporters.JUnitXMLReporter -->
<testsuite ignored="0" hostname="LAPTOP-5TRE3P3T" failures="1" tests="6" name="Test" time="60.891" errors="0" timestamp="2025-04-30T11:45:39 IST">
  <testcase classname="testCases.TC001_Registration" name="verify_AccountRegistrationPage" time="2.27"/>
  <testcase classname="testCases.TC002_LoginTest" name="Verify_Login" time="1.855"/>
  <testcase classname="testCases.TC003_Login_DDT" name="Verify_LoginDDT" time="4.939"/>
  <testcase classname="testCases.TC003_Login_DDT" name="Verify_LoginDDT" time="10.459"/>
  <testcase classname="testCases.TC003_Login_DDT" name="Verify_LoginDDT" time="11.82"/>
  <testcase classname="testCases.TC003_Login_DDT" name="Verify_LoginDDT" time="10.806">
    <failure type="java.lang.AssertionError" message="expected [true] but found [false]">
      <![CDATA[java.lang.AssertionError: expected [true] but found [false]
at testCases.TC003_Login_DDT.Verify_LoginDDT(TC003_Login_DDT.java:57)
at java.base/java.util.ArrayList.forEach(ArrayList.java:1511)
... Removed 31 stack frames]]>
    </failure>
  </testcase> <!-- Verify_LoginDDT -->
</testsuite> <!-- Test -->
