<?xml version="1.0" encoding="UTF-8"?>
<testng-results ignored="0" total="4" passed="4" failed="0" skipped="0">
  <reporter-output>
  </reporter-output>
  <suite started-at="2025-05-20T17:33:06 IST" name="Suite" finished-at="2025-05-20T17:33:23 IST" duration-ms="17497">
    <groups>
    </groups>
    <test started-at="2025-05-20T17:33:06 IST" name="Test" finished-at="2025-05-20T17:33:23 IST" duration-ms="17497">
      <class name="testCases.TC005_AddToCartPage">
        <test-method is-config="true" signature="setup(java.lang.String,java.lang.String)[pri:0, instance:testCases.TC005_AddToCartPage@69b2283a]" started-at="2025-05-20T17:33:19 IST" name="setup" finished-at="2025-05-20T17:33:21 IST" duration-ms="2478" status="PASS">
          <params>
            <param index="0">
              <value>
                <![CDATA[Windows]]>
              </value>
            </param>
            <param index="1">
              <value>
                <![CDATA[chrome]]>
              </value>
            </param>
          </params>
          <reporter-output>
          </reporter-output>
        </test-method> <!-- setup -->
        <test-method signature="verify_addToCart()[pri:0, instance:testCases.TC005_AddToCartPage@69b2283a]" started-at="2025-05-20T17:33:21 IST" name="verify_addToCart" finished-at="2025-05-20T17:33:23 IST" duration-ms="1533" status="PASS">
          <reporter-output>
          </reporter-output>
        </test-method> <!-- verify_addToCart -->
        <test-method is-config="true" signature="tearDown()[pri:0, instance:testCases.TC005_AddToCartPage@69b2283a]" started-at="2025-05-20T17:33:23 IST" name="tearDown" finished-at="2025-05-20T17:33:23 IST" duration-ms="79" status="PASS">
          <reporter-output>
          </reporter-output>
        </test-method> <!-- tearDown -->
      </class> <!-- testCases.TC005_AddToCartPage -->
      <class name="testCases.TC002_LoginTest">
        <test-method is-config="true" signature="setup(java.lang.String,java.lang.String)[pri:0, instance:testCases.TC002_LoginTest@5223e5ee]" started-at="2025-05-20T17:33:11 IST" name="setup" finished-at="2025-05-20T17:33:14 IST" duration-ms="2523" status="PASS">
          <params>
            <param index="0">
              <value>
                <![CDATA[Windows]]>
              </value>
            </param>
            <param index="1">
              <value>
                <![CDATA[chrome]]>
              </value>
            </param>
          </params>
          <reporter-output>
          </reporter-output>
        </test-method> <!-- setup -->
        <test-method signature="Verify_Login()[pri:0, instance:testCases.TC002_LoginTest@5223e5ee]" started-at="2025-05-20T17:33:14 IST" name="Verify_Login" finished-at="2025-05-20T17:33:15 IST" duration-ms="1457" status="PASS">
          <reporter-output>
          </reporter-output>
        </test-method> <!-- Verify_Login -->
        <test-method is-config="true" signature="tearDown()[pri:0, instance:testCases.TC002_LoginTest@5223e5ee]" started-at="2025-05-20T17:33:15 IST" name="tearDown" finished-at="2025-05-20T17:33:15 IST" duration-ms="102" status="PASS">
          <reporter-output>
          </reporter-output>
        </test-method> <!-- tearDown -->
      </class> <!-- testCases.TC002_LoginTest -->
      <class name="testCases.TC004_Searchproduct">
        <test-method is-config="true" signature="setup(java.lang.String,java.lang.String)[pri:0, instance:testCases.TC004_Searchproduct@bef2d72]" started-at="2025-05-20T17:33:15 IST" name="setup" finished-at="2025-05-20T17:33:18 IST" duration-ms="2753" status="PASS">
          <params>
            <param index="0">
              <value>
                <![CDATA[Windows]]>
              </value>
            </param>
            <param index="1">
              <value>
                <![CDATA[chrome]]>
              </value>
            </param>
          </params>
          <reporter-output>
          </reporter-output>
        </test-method> <!-- setup -->
        <test-method signature="verify_addProductToCart()[pri:0, instance:testCases.TC004_Searchproduct@bef2d72]" started-at="2025-05-20T17:33:18 IST" name="verify_addProductToCart" finished-at="2025-05-20T17:33:19 IST" duration-ms="579" status="PASS">
          <reporter-output>
          </reporter-output>
        </test-method> <!-- verify_addProductToCart -->
        <test-method is-config="true" signature="tearDown()[pri:0, instance:testCases.TC004_Searchproduct@bef2d72]" started-at="2025-05-20T17:33:19 IST" name="tearDown" finished-at="2025-05-20T17:33:19 IST" duration-ms="103" status="PASS">
          <reporter-output>
          </reporter-output>
        </test-method> <!-- tearDown -->
      </class> <!-- testCases.TC004_Searchproduct -->
      <class name="testCases.TC001_Registration">
        <test-method is-config="true" signature="setup(java.lang.String,java.lang.String)[pri:0, instance:testCases.TC001_Registration@ef9296d]" started-at="2025-05-20T17:33:06 IST" name="setup" finished-at="2025-05-20T17:33:09 IST" duration-ms="3497" status="PASS">
          <params>
            <param index="0">
              <value>
                <![CDATA[Windows]]>
              </value>
            </param>
            <param index="1">
              <value>
                <![CDATA[chrome]]>
              </value>
            </param>
          </params>
          <reporter-output>
          </reporter-output>
        </test-method> <!-- setup -->
        <test-method signature="verifyAccountRegistration()[pri:0, instance:testCases.TC001_Registration@ef9296d]" started-at="2025-05-20T17:33:09 IST" name="verifyAccountRegistration" finished-at="2025-05-20T17:33:11 IST" duration-ms="2135" status="PASS">
          <reporter-output>
          </reporter-output>
        </test-method> <!-- verifyAccountRegistration -->
        <test-method is-config="true" signature="tearDown()[pri:0, instance:testCases.TC001_Registration@ef9296d]" started-at="2025-05-20T17:33:11 IST" name="tearDown" finished-at="2025-05-20T17:33:11 IST" duration-ms="97" status="PASS">
          <reporter-output>
          </reporter-output>
        </test-method> <!-- tearDown -->
      </class> <!-- testCases.TC001_Registration -->
    </test> <!-- Test -->
  </suite> <!-- Suite -->
</testng-results>
